<?xml version="1.0" encoding="utf-8"?><testsuites name="pytest tests"><testsuite name="pytest" errors="0" failures="0" skipped="0" tests="14" time="10.261" timestamp="2026-04-01T17:33:57.751604+00:00" hostname="agent-env-68139cdd-bd6d-4584-b9f1-76acd1db339d"><testcase classname="backend.tests.test_areas_admin.TestAreasAdminAPI" name="test_01_get_areas_public" time="1.014" /><testcase classname="backend.tests.test_areas_admin.TestAreasAdminAPI" name="test_02_get_areas_admin" time="0.793" /><testcase classname="backend.tests.test_areas_admin.TestAreasAdminAPI" name="test_03_create_area" time="0.795" /><testcase classname="backend.tests.test_areas_admin.TestAreasAdminAPI" name="test_04_create_duplicate_slug_fails" time="0.546" /><testcase classname="backend.tests.test_areas_admin.TestAreasAdminAPI" name="test_05_update_area" time="0.704" /><testcase classname="backend.tests.test_areas_admin.TestAreasAdminAPI" name="test_06_delete_non_default_area" time="0.711" /><testcase classname="backend.tests.test_areas_admin.TestAreasAdminAPI" name="test_07_delete_default_area_fails" time="0.686" /><testcase classname="backend.tests.test_areas_admin.TestAreasAdminAPI" name="test_08_update_area_not_found" time="0.617" /><testcase classname="backend.tests.test_areas_admin.TestAreasAdminAPI" name="test_09_delete_area_not_found" time="0.601" /><testcase classname="backend.tests.test_areas_admin.TestAreasAdminAPI" name="test_10_areas_sorted_by_order" time="0.801" /><testcase classname="backend.tests.test_areas_admin.TestAreasAdminAPI" name="test_11_regenerate_seo_pages" time="1.637" /><testcase classname="backend.tests.test_areas_admin.TestAreasAdminAPI" name="test_cleanup" time="0.742" /><testcase classname="backend.tests.test_areas_admin.TestAreasAdminAuth" name="test_admin_areas_requires_auth" time="0.141" /><testcase classname="backend.tests.test_areas_admin.TestAreasAdminAuth" name="test_create_area_requires_auth" time="0.149" /></testsuite></testsuites>