<?xml version="1.0" encoding="utf-8"?><testsuites name="pytest tests"><testsuite name="pytest" errors="0" failures="0" skipped="0" tests="12" time="4.342" timestamp="2026-03-13T12:59:18.938687+00:00" hostname="agent-env-4cd4d1a3-5339-4990-b85b-f077b238cd18"><testcase classname="backend.tests.test_faq_references.TestFAQPublicEndpoint" name="test_get_faqs_returns_list" time="0.268" /><testcase classname="backend.tests.test_faq_references.TestFAQPublicEndpoint" name="test_faqs_have_required_fields" time="0.135" /><testcase classname="backend.tests.test_faq_references.TestFAQPublicEndpoint" name="test_faqs_sorted_by_order" time="0.168" /><testcase classname="backend.tests.test_faq_references.TestFAQAdminCRUD" name="test_admin_can_view_faqs" time="0.539" /><testcase classname="backend.tests.test_faq_references.TestFAQAdminCRUD" name="test_admin_can_create_faq" time="0.690" /><testcase classname="backend.tests.test_faq_references.TestFAQAdminCRUD" name="test_admin_can_update_faq" time="0.800" /><testcase classname="backend.tests.test_faq_references.TestFAQAdminCRUD" name="test_admin_can_delete_faq" time="0.954" /><testcase classname="backend.tests.test_faq_references.TestFAQAdminCRUD" name="test_faq_crud_without_auth_fails" time="0.127" /><testcase classname="backend.tests.test_faq_references.TestReferencesPage" name="test_references_endpoint_returns_list" time="0.126" /><testcase classname="backend.tests.test_faq_references.TestReferencesPage" name="test_references_have_required_fields" time="0.127" /><testcase classname="backend.tests.test_faq_references.TestReferencesPage" name="test_references_only_published" time="0.135" /><testcase classname="backend.tests.test_faq_references.TestFAQSchemaData" name="test_faq_data_for_schema_markup" time="0.135" /></testsuite></testsuites>