<?xml version="1.0" encoding="utf-8"?><testsuites name="pytest tests"><testsuite name="pytest" errors="0" failures="0" skipped="0" tests="11" time="4.262" timestamp="2026-03-13T13:59:03.780833+00:00" hostname="agent-env-4cd4d1a3-5339-4990-b85b-f077b238cd18"><testcase classname="backend.tests.test_faq_hub_refs.TestFAQAPI" name="test_get_all_faqs" time="0.332" /><testcase classname="backend.tests.test_faq_hub_refs.TestFAQAPI" name="test_faq_structure" time="0.158" /><testcase classname="backend.tests.test_faq_hub_refs.TestFAQAPI" name="test_faqs_with_service_filter" time="0.328" /><testcase classname="backend.tests.test_faq_hub_refs.TestFAQAPI" name="test_faqs_grouped_endpoint" time="0.168" /><testcase classname="backend.tests.test_faq_hub_refs.TestReferencesAPI" name="test_get_references" time="0.138" /><testcase classname="backend.tests.test_faq_hub_refs.TestReferencesAPI" name="test_reference_structure_for_page" time="0.161" /><testcase classname="backend.tests.test_faq_hub_refs.TestAdminFAQWithService" name="test_admin_get_faqs_with_service" time="0.683" /><testcase classname="backend.tests.test_faq_hub_refs.TestAdminFAQWithService" name="test_admin_create_faq_with_service" time="0.943" /><testcase classname="backend.tests.test_faq_hub_refs.TestAdminFAQWithService" name="test_admin_update_faq_service" time="0.903" /><testcase classname="backend.tests.test_faq_hub_refs.TestServicesAPI" name="test_get_services_for_selector" time="0.150" /><testcase classname="backend.tests.test_faq_hub_refs.TestServicePageFAQs" name="test_service_page_has_service_id" time="0.142" /></testsuite></testsuites>