<?xml version="1.0" encoding="utf-8"?><testsuites name="pytest tests"><testsuite name="pytest" errors="0" failures="0" skipped="0" tests="15" time="4.222" timestamp="2026-03-13T04:55:04.931965+00:00" hostname="agent-env-ebe99a07-b3aa-47e6-91c4-78ee3023aeb4"><testcase classname="backend.tests.test_cms_service_pages.TestPublicServicePagesAPI" name="test_get_all_service_pages" time="0.255" /><testcase classname="backend.tests.test_cms_service_pages.TestPublicServicePagesAPI" name="test_get_service_page_tasoitustyot" time="0.130" /><testcase classname="backend.tests.test_cms_service_pages.TestPublicServicePagesAPI" name="test_get_service_page_maalaustyot" time="0.122" /><testcase classname="backend.tests.test_cms_service_pages.TestPublicServicePagesAPI" name="test_get_service_page_mikrosementti" time="0.147" /><testcase classname="backend.tests.test_cms_service_pages.TestPublicServicePagesAPI" name="test_get_service_page_julkisivurappaus" time="0.147" /><testcase classname="backend.tests.test_cms_service_pages.TestPublicServicePagesAPI" name="test_get_service_page_kattomaalaus" time="0.145" /><testcase classname="backend.tests.test_cms_service_pages.TestPublicServicePagesAPI" name="test_get_service_page_julkisivumaalaus" time="0.147" /><testcase classname="backend.tests.test_cms_service_pages.TestPublicServicePagesAPI" name="test_get_nonexistent_service_page" time="0.123" /><testcase classname="backend.tests.test_cms_service_pages.TestGlobalSettings" name="test_get_settings" time="0.120" /><testcase classname="backend.tests.test_cms_service_pages.TestPublicServices" name="test_get_services" time="0.124" /><testcase classname="backend.tests.test_cms_service_pages.TestAdminLogin" name="test_admin_login_success" time="0.410" /><testcase classname="backend.tests.test_cms_service_pages.TestAdminLogin" name="test_admin_login_invalid_credentials" time="0.401" /><testcase classname="backend.tests.test_cms_service_pages.TestAdminLogin" name="test_admin_verify_token" time="0.598" /><testcase classname="backend.tests.test_cms_service_pages.TestAdminServicePages" name="test_admin_get_all_service_pages" time="0.559" /><testcase classname="backend.tests.test_cms_service_pages.TestAdminServicePages" name="test_admin_service_pages_requires_auth" time="0.554" /></testsuite></testsuites>