<?xml version="1.0" encoding="utf-8"?><testsuites name="pytest tests"><testsuite name="pytest" errors="0" failures="0" skipped="0" tests="16" time="8.211" timestamp="2026-04-01T18:29:06.392466+00:00" hostname="agent-env-68139cdd-bd6d-4584-b9f1-76acd1db339d"><testcase classname="tests.test_calculator.TestCalculatorPublicAPI" name="test_get_calculator_config_returns_200" time="0.320" /><testcase classname="tests.test_calculator.TestCalculatorPublicAPI" name="test_calculator_config_has_required_structure" time="0.171" /><testcase classname="tests.test_calculator.TestCalculatorPublicAPI" name="test_calculator_config_has_6_services" time="0.178" /><testcase classname="tests.test_calculator.TestCalculatorPublicAPI" name="test_calculator_global_settings_has_required_fields" time="0.155" /><testcase classname="tests.test_calculator.TestCalculatorPublicAPI" name="test_each_service_has_required_fields" time="0.223" /><testcase classname="tests.test_calculator.TestCalculatorPublicAPI" name="test_service_steps_have_correct_types" time="0.160" /><testcase classname="tests.test_calculator.TestCalculatorAdminAPI" name="test_admin_get_calculator_config_requires_auth" time="0.685" /><testcase classname="tests.test_calculator.TestCalculatorAdminAPI" name="test_admin_get_calculator_config_with_auth" time="0.713" /><testcase classname="tests.test_calculator.TestCalculatorAdminAPI" name="test_admin_update_calculator_config_requires_auth" time="0.654" /><testcase classname="tests.test_calculator.TestCalculatorAdminAPI" name="test_admin_update_global_settings" time="0.954" /><testcase classname="tests.test_calculator.TestCalculatorAdminAPI" name="test_admin_update_service_base_price" time="1.053" /><testcase classname="tests.test_calculator.TestCalculatorAdminAPI" name="test_admin_update_step_multiplier" time="1.003" /><testcase classname="tests.test_calculator.TestCalculatorAdminAPI" name="test_config_persists_after_update" time="1.236" /><testcase classname="tests.test_calculator.TestCalculatorServiceDetails" name="test_sisamaalaus_service_structure" time="0.161" /><testcase classname="tests.test_calculator.TestCalculatorServiceDetails" name="test_all_services_have_area_slider" time="0.157" /><testcase classname="tests.test_calculator.TestCalculatorServiceDetails" name="test_multipliers_are_valid_numbers" time="0.160" /></testsuite></testsuites>