<?xml version="1.0" encoding="utf-8"?><testsuites name="pytest tests"><testsuite name="pytest" errors="0" failures="0" skipped="0" tests="12" time="8.097" timestamp="2026-03-13T14:14:35.528403+00:00" hostname="agent-env-4cd4d1a3-5339-4990-b85b-f077b238cd18"><testcase classname="backend.tests.test_quote_form.TestContactAPIWithNewFields" name="test_contact_with_all_new_fields" time="0.492" /><testcase classname="backend.tests.test_quote_form.TestContactAPIWithNewFields" name="test_contact_with_only_required_fields" time="0.342" /><testcase classname="backend.tests.test_quote_form.TestContactAPIWithNewFields" name="test_contact_with_partial_new_fields" time="0.312" /><testcase classname="backend.tests.test_quote_form.TestContactAPIWithNewFields" name="test_contact_with_empty_services_array" time="0.344" /><testcase classname="backend.tests.test_quote_form.TestContactAPIWithNewFields" name="test_contact_all_service_options" time="0.401" /><testcase classname="backend.tests.test_quote_form.TestContactAPIWithNewFields" name="test_contact_all_property_types" time="1.586" /><testcase classname="backend.tests.test_quote_form.TestContactAPIWithNewFields" name="test_contact_all_area_sizes" time="1.991" /><testcase classname="backend.tests.test_quote_form.TestContactAPIWithNewFields" name="test_contact_all_timelines" time="1.561" /><testcase classname="backend.tests.test_quote_form.TestContactAPIWithNewFields" name="test_contact_validation_missing_required" time="0.552" /><testcase classname="backend.tests.test_quote_form.TestAPIHealthAndBasics" name="test_api_root" time="0.135" /><testcase classname="backend.tests.test_quote_form.TestAPIHealthAndBasics" name="test_settings_endpoint" time="0.137" /><testcase classname="backend.tests.test_quote_form.TestAPIHealthAndBasics" name="test_services_endpoint" time="0.131" /></testsuite></testsuites>