<?xml version="1.0" encoding="utf-8"?><testsuites name="pytest tests"><testsuite name="pytest" errors="0" failures="0" skipped="0" tests="9" time="3.786" timestamp="2026-04-01T16:10:17.761435+00:00" hostname="agent-env-6ba72d5a-4e67-4097-97cc-e089d75be9f6"><testcase classname="tests.test_stats_feature.TestCompanyStatsAPI" name="test_settings_returns_company_stats" time="0.286" /><testcase classname="tests.test_stats_feature.TestCompanyStatsAPI" name="test_company_stats_expected_values" time="0.148" /><testcase classname="tests.test_stats_feature.TestCompanyStatsAPI" name="test_trust_badges_in_settings" time="0.140" /><testcase classname="tests.test_stats_feature.TestAdminAuth" name="test_admin_login_success" time="0.503" /><testcase classname="tests.test_stats_feature.TestAdminAuth" name="test_admin_login_wrong_password" time="0.499" /><testcase classname="tests.test_stats_feature.TestAdminStatsManagement" name="test_admin_can_read_settings" time="0.663" /><testcase classname="tests.test_stats_feature.TestAdminStatsManagement" name="test_admin_can_update_stats" time="1.026" /><testcase classname="tests.test_stats_feature.TestServicesAPI" name="test_services_endpoint" time="0.186" /><testcase classname="tests.test_stats_feature.TestReferencesAPI" name="test_references_endpoint" time="0.163" /></testsuite></testsuites>