<?xml version="1.0" encoding="utf-8"?><testsuites name="pytest tests"><testsuite name="pytest" errors="0" failures="0" skipped="0" tests="9" time="3.069" timestamp="2026-03-13T09:26:49.263675+00:00" hostname="agent-env-2d6325fe-1bd3-432e-b84a-d8589dff4252"><testcase classname="backend.tests.test_references.TestReferencesPublicAPI" name="test_get_references_returns_list" time="0.171" /><testcase classname="backend.tests.test_references.TestReferencesPublicAPI" name="test_references_have_new_fields" time="0.132" /><testcase classname="backend.tests.test_references.TestReferencesPublicAPI" name="test_references_have_sample_data" time="0.121" /><testcase classname="backend.tests.test_references.TestReferencesPublicAPI" name="test_references_only_published_returned" time="0.123" /><testcase classname="backend.tests.test_references.TestSettingsReferencesSection" name="test_settings_have_references_fields" time="0.125" /><testcase classname="backend.tests.test_references.TestSettingsReferencesSection" name="test_settings_references_defaults" time="0.121" /><testcase classname="backend.tests.test_references.TestAdminReferencesAPI" name="test_admin_get_all_references" time="0.526" /><testcase classname="backend.tests.test_references.TestAdminReferencesAPI" name="test_admin_create_reference_with_new_fields" time="0.658" /><testcase classname="backend.tests.test_references.TestAdminReferencesAPI" name="test_admin_update_reference" time="0.967" /></testsuite></testsuites>