<?xml version="1.0" encoding="utf-8"?><testsuites name="pytest tests"><testsuite name="pytest" errors="0" failures="0" skipped="0" tests="22" time="3.879" timestamp="2026-04-01T14:52:47.931717+00:00" hostname="agent-env-6ba72d5a-4e67-4097-97cc-e089d75be9f6"><testcase classname="backend.tests.test_seo_fix.TestAPIEndpoints" name="test_settings_api_returns_json" time="0.425" /><testcase classname="backend.tests.test_seo_fix.TestAPIEndpoints" name="test_services_api_returns_json" time="0.253" /><testcase classname="backend.tests.test_seo_fix.TestAPIEndpoints" name="test_references_api_returns_json" time="0.253" /><testcase classname="backend.tests.test_seo_fix.TestSSGBuildFiles" name="test_build_index_has_seo_prerender" time="0.001" /><testcase classname="backend.tests.test_seo_fix.TestSSGBuildFiles" name="test_maalaustyot_has_h1" time="0.001" /><testcase classname="backend.tests.test_seo_fix.TestSSGBuildFiles" name="test_tasoitustyot_has_h1" time="0.001" /><testcase classname="backend.tests.test_seo_fix.TestSSGBuildFiles" name="test_ukk_has_faq_questions" time="0.001" /><testcase classname="backend.tests.test_seo_fix.TestSSGBuildFiles" name="test_referenssit_exists" time="0.001" /><testcase classname="backend.tests.test_seo_fix.TestSSGBuildFiles" name="test_all_service_pages_exist" time="0.001" /><testcase classname="backend.tests.test_seo_fix.TestSSGContent" name="test_index_has_navigation" time="0.001" /><testcase classname="backend.tests.test_seo_fix.TestSSGContent" name="test_index_has_services_section" time="0.001" /><testcase classname="backend.tests.test_seo_fix.TestSSGContent" name="test_index_has_contact_section" time="0.001" /><testcase classname="backend.tests.test_seo_fix.TestSSGContent" name="test_service_page_has_breadcrumbs" time="0.001" /><testcase classname="backend.tests.test_seo_fix.TestSSGContent" name="test_pages_have_json_ld" time="0.001" /><testcase classname="backend.tests.test_seo_fix.TestFrontendPages" name="test_homepage_loads" time="0.237" /><testcase classname="backend.tests.test_seo_fix.TestFrontendPages" name="test_maalaustyot_page_loads" time="0.204" /><testcase classname="backend.tests.test_seo_fix.TestFrontendPages" name="test_tasoitustyot_page_loads" time="0.249" /><testcase classname="backend.tests.test_seo_fix.TestFrontendPages" name="test_ukk_page_loads" time="0.268" /><testcase classname="backend.tests.test_seo_fix.TestFrontendPages" name="test_referenssit_page_loads" time="0.180" /><testcase classname="backend.tests.test_seo_fix.TestFrontendPages" name="test_admin_page_loads" time="0.162" /><testcase classname="backend.tests.test_seo_fix.TestAdminLogin" name="test_admin_login_success" time="0.578" /><testcase classname="backend.tests.test_seo_fix.TestAdminLogin" name="test_admin_login_failure" time="0.708" /></testsuite></testsuites>