<?xml version="1.0" encoding="utf-8"?><testsuites name="pytest tests"><testsuite name="pytest" errors="0" failures="0" skipped="0" tests="20" time="6.625" timestamp="2026-03-13T11:01:04.923365+00:00" hostname="agent-env-2d6325fe-1bd3-432e-b84a-d8589dff4252"><testcase classname="backend.tests.test_full_validation.TestPublicEndpoints" name="test_api_root" time="0.254" /><testcase classname="backend.tests.test_full_validation.TestPublicEndpoints" name="test_get_settings" time="0.197" /><testcase classname="backend.tests.test_full_validation.TestPublicEndpoints" name="test_get_services" time="0.132" /><testcase classname="backend.tests.test_full_validation.TestPublicEndpoints" name="test_get_references" time="0.168" /><testcase classname="backend.tests.test_full_validation.TestPublicEndpoints" name="test_get_partners" time="0.138" /><testcase classname="backend.tests.test_full_validation.TestPublicEndpoints" name="test_get_service_pages" time="0.126" /><testcase classname="backend.tests.test_full_validation.TestPublicEndpoints" name="test_get_service_page_by_slug" time="0.417" /><testcase classname="backend.tests.test_full_validation.TestPublicEndpoints" name="test_contact_form_submission" time="0.486" /><testcase classname="backend.tests.test_full_validation.TestAdminAuthentication" name="test_admin_login_success" time="0.458" /><testcase classname="backend.tests.test_full_validation.TestAdminAuthentication" name="test_admin_login_invalid_credentials" time="0.423" /><testcase classname="backend.tests.test_full_validation.TestAdminAuthentication" name="test_admin_verify_token" time="0.589" /><testcase classname="backend.tests.test_full_validation.TestAdminCRUD" name="test_get_settings_admin" time="0.561" /><testcase classname="backend.tests.test_full_validation.TestAdminCRUD" name="test_admin_get_contacts" time="0.533" /><testcase classname="backend.tests.test_full_validation.TestAdminCRUD" name="test_admin_get_all_references" time="0.559" /><testcase classname="backend.tests.test_full_validation.TestAdminCRUD" name="test_admin_get_all_service_pages" time="0.595" /><testcase classname="backend.tests.test_full_validation.TestReferenceDataIntegrity" name="test_references_have_display_data" time="0.137" /><testcase classname="backend.tests.test_full_validation.TestServicePagesIntegrity" name="test_service_pages_have_seo" time="0.133" /><testcase classname="backend.tests.test_full_validation.TestServicePagesIntegrity" name="test_service_pages_have_features" time="0.125" /><testcase classname="backend.tests.test_full_validation.TestThemeColorSystem" name="test_theme_color_is_teal" time="0.124" /><testcase classname="backend.tests.test_full_validation.TestThemeColorSystem" name="test_no_hardcoded_blue" time="0.137" /></testsuite></testsuites>