<?xml version="1.0" encoding="utf-8"?><testsuites name="pytest tests"><testsuite name="pytest" errors="0" failures="0" skipped="0" tests="11" time="1.913" timestamp="2026-04-02T10:08:21.462434+00:00" hostname="agent-env-2ca9ed72-729c-440b-873f-ef8ba1d1b417"><testcase classname="backend.tests.test_hintalaskuri_page.TestHintalaskuriAPI" name="test_hintalaskuri_page_exists" time="0.195" /><testcase classname="backend.tests.test_hintalaskuri_page.TestHintalaskuriAPI" name="test_hintalaskuri_page_has_description" time="0.112" /><testcase classname="backend.tests.test_hintalaskuri_page.TestHintalaskuriAPI" name="test_hintalaskuri_page_has_features" time="0.115" /><testcase classname="backend.tests.test_hintalaskuri_page.TestHintalaskuriAPI" name="test_hintalaskuri_page_has_why_items" time="0.119" /><testcase classname="backend.tests.test_hintalaskuri_page.TestHintalaskuriAPI" name="test_hintalaskuri_page_has_process_settings" time="0.158" /><testcase classname="backend.tests.test_hintalaskuri_page.TestHintalaskuriAPI" name="test_hintalaskuri_page_has_cta" time="0.116" /><testcase classname="backend.tests.test_hintalaskuri_page.TestServicePagesNoRegression" name="test_maalaustyot_helsinki_still_works" time="0.106" /><testcase classname="backend.tests.test_hintalaskuri_page.TestServicePagesNoRegression" name="test_all_service_pages_list" time="0.112" /><testcase classname="backend.tests.test_hintalaskuri_page.TestHintalaskuriFAQs" name="test_hintalaskuri_faqs_endpoint" time="0.108" /><testcase classname="backend.tests.test_hintalaskuri_page.TestAdminServicePagesAccess" name="test_admin_can_see_hintalaskuri_page" time="0.546" /><testcase classname="backend.tests.test_hintalaskuri_page.TestCalculatorConfig" name="test_calculator_config_endpoint" time="0.113" /></testsuite></testsuites>