<?xml version="1.0" encoding="utf-8"?><testsuites name="pytest tests"><testsuite name="pytest" errors="0" failures="0" skipped="0" tests="14" time="3.130" timestamp="2026-04-02T01:22:32.706743+00:00" hostname="agent-env-f34a25f5-6b8d-4502-80ac-e4918dc4ade3"><testcase classname="backend.tests.test_calculator_v2.TestCalculatorConfigAPI" name="test_calculator_config_returns_200" time="0.406" /><testcase classname="backend.tests.test_calculator_v2.TestCalculatorConfigAPI" name="test_calculator_config_has_6_services" time="0.160" /><testcase classname="backend.tests.test_calculator_v2.TestCalculatorConfigAPI" name="test_services_have_correct_names_and_prices" time="0.234" /><testcase classname="backend.tests.test_calculator_v2.TestCalculatorConfigAPI" name="test_global_settings_present" time="0.181" /><testcase classname="backend.tests.test_calculator_v2.TestSizeCardsStepType" name="test_julkisivumaalaus_has_size_cards" time="0.139" /><testcase classname="backend.tests.test_calculator_v2.TestSizeCardsStepType" name="test_kattomaalaus_has_size_cards" time="0.219" /><testcase classname="backend.tests.test_calculator_v2.TestDontKnowOptions" name="test_sisamaalaus_has_dont_know_options" time="0.138" /><testcase classname="backend.tests.test_calculator_v2.TestDontKnowOptions" name="test_tasoitustyot_has_dont_know_options" time="0.146" /><testcase classname="backend.tests.test_calculator_v2.TestServiceSteps" name="test_sisamaalaus_flow" time="0.157" /><testcase classname="backend.tests.test_calculator_v2.TestServiceSteps" name="test_julkisivumaalaus_flow" time="0.184" /><testcase classname="backend.tests.test_calculator_v2.TestServiceSteps" name="test_kattomaalaus_flow" time="0.143" /><testcase classname="backend.tests.test_calculator_v2.TestAddons" name="test_sisamaalaus_addons" time="0.144" /><testcase classname="backend.tests.test_calculator_v2.TestAddons" name="test_kattomaalaus_addons" time="0.150" /><testcase classname="backend.tests.test_calculator_v2.TestContactAPI" name="test_contact_form_submission" time="0.487" /></testsuite></testsuites>